<?xml version="1.0" encoding="UTF-8"?>
<!-- Generated by org.testng.reporters.JUnitXMLReporter -->
<testsuite ignored="0" hostname="RNT-PUN-1228" failures="0" tests="6" name="MyTestCase" time="267.42" errors="0" timestamp="2023-11-25T11:44:02 IST">
  <testcase classname="seleniumDemo.SeleniumDemo.AutomationTestNG" name="testOne" time="28.744"/>
  <testcase classname="seleniumDemo.SeleniumDemo.AutomationTestNG" name="testTwo" time="58.298"/>
  <testcase classname="seleniumDemo.SeleniumDemo.AutomationTestNG" name="testThree" time="114.267"/>
  <testcase classname="seleniumDemo.SeleniumDemo.AutomationTestNG" name="testFour" time="6.853"/>
  <testcase classname="seleniumDemo.SeleniumDemo.AutomationTestNG" name="testFive" time="34.063"/>
  <testcase classname="seleniumDemo.SeleniumDemo.AutomationTestNG" name="testSix" time="7.222"/>
</testsuite> <!-- MyTestCase -->
