<?xml version="1.0" encoding="UTF-8"?>
<!-- Generated by org.testng.reporters.JUnitXMLReporter -->
<testsuite ignored="5" hostname="RNT-PUN-1228" failures="0" tests="2" name="Test1" time="59.786" errors="0" timestamp="2023-11-25T19:28:09 IST">
  <testcase classname="seleniumDemo.SeleniumDemo.AutomationTestNG" name="testOne" time="21.886"/>
  <testcase classname="seleniumDemo.SeleniumDemo.AutomationTestNG" name="testTwo" time="30.006"/>
  <testcase classname="seleniumDemo.SeleniumDemo.AutomationTestNG" name="testFive" time="0.0">
    <ignored/>
  </testcase> <!-- testFive -->
  <testcase classname="seleniumDemo.SeleniumDemo.AutomationTestNG" name="testSeven" time="0.0">
    <ignored/>
  </testcase> <!-- testSeven -->
  <testcase classname="seleniumDemo.SeleniumDemo.AutomationTestNG" name="testFour" time="0.0">
    <ignored/>
  </testcase> <!-- testFour -->
  <testcase classname="seleniumDemo.SeleniumDemo.AutomationTestNG" name="testSix" time="0.0">
    <ignored/>
  </testcase> <!-- testSix -->
  <testcase classname="seleniumDemo.SeleniumDemo.AutomationTestNG" name="testThree" time="0.0">
    <ignored/>
  </testcase> <!-- testThree -->
</testsuite> <!-- Test1 -->
