<?xml version="1.0" encoding="UTF-8"?>
<!-- Generated by org.testng.reporters.JUnitXMLReporter -->
<testsuite ignored="1" hostname="RNT-PUN-1228" failures="0" tests="1" name="Test2" time="0.062" errors="0" timestamp="2023-11-27T12:00:24 IST">
  <testcase classname="seleniumDemo.SeleniumDemo.TestTestNG" name="@BeforeMethod loginTest" time="0.004">
    <failure type="java.lang.NullPointerException" message="Cannot invoke &amp;quot;org.openqa.selenium.WebDriver.get(String)&amp;quot; because &amp;quot;this.driver&amp;quot; is null">
      <![CDATA[java.lang.NullPointerException: Cannot invoke "org.openqa.selenium.WebDriver.get(String)" because "this.driver" is null
at seleniumDemo.SeleniumDemo.TestTestNG.loginTest(TestTestNG.java:19)
at java.base/java.util.ArrayList.forEach(ArrayList.java:1511)
at java.base/java.util.concurrent.FutureTask.run(FutureTask.java:264)
at java.base/java.util.concurrent.ThreadPoolExecutor.runWorker(ThreadPoolExecutor.java:1136)
at java.base/java.util.concurrent.ThreadPoolExecutor$Worker.run(ThreadPoolExecutor.java:635)
at java.base/java.lang.Thread.run(Thread.java:833)
... Removed 22 stack frames]]>
    </failure>
  </testcase> <!-- @BeforeMethod loginTest -->
  <testcase classname="seleniumDemo.SeleniumDemo.TestTestNG" name="testTwo" time="0.0">
    <skipped/>
  </testcase> <!-- testTwo -->
  <testcase classname="seleniumDemo.SeleniumDemo.TestTestNG" name="testCaseone" time="0.0">
    <ignored/>
  </testcase> <!-- testCaseone -->
</testsuite> <!-- Test2 -->
